2020-09-21 10:38:54.9983||DEBUG|uccApiCore2.Program|init main |url: |action: 
2020-09-21 11:11:58.9425||ERROR|uccApiCore2.Controllers.UsersController|Something went wrong inside UsersController UserRegistration action: Index was out of range. Must be non-negative and less than the size of the collection.
Parameter name: index |url: http://localhost/api/Users/UserRegistration|action: UserRegistration
2020-09-21 11:14:18.8103||ERROR|uccApiCore2.Controllers.UsersController|Something went wrong inside UsersController UserRegistration action: Index was out of range. Must be non-negative and less than the size of the collection.
Parameter name: index |url: http://localhost/api/Users/UserRegistration|action: UserRegistration
2020-09-21 11:18:23.5413||DEBUG|uccApiCore2.Program|init main |url: |action: 
2020-09-21 12:21:06.7943||DEBUG|uccApiCore2.Program|init main |url: |action: 
2020-09-21 12:23:06.1183||ERROR|uccApiCore2.Controllers.UsersController|Something went wrong inside UsersController UserRegistration action: Input string was not in a correct format. |url: http://localhost/api/Users/UserRegistration|action: UserRegistration
2020-09-21 12:25:16.9518||DEBUG|uccApiCore2.Program|init main |url: |action: 
2020-09-21 12:29:06.0827||DEBUG|uccApiCore2.Program|init main |url: |action: 
2020-09-21 12:45:47.9787||DEBUG|uccApiCore2.Program|init main |url: |action: 
2020-09-21 12:46:09.8852||ERROR|uccApiCore2.Controllers.ProductController|Something went wrong inside ProductController GetProductBySubcatecode action: One or more errors occurred. (A network-related or instance-specific error occurred while establishing a connection to SQL Server. The server was not found or was not accessible. Verify that the instance name is correct and that SQL Server is configured to allow remote connections. (provider: SQL Network Interfaces, error: 26 - Error Locating Server/Instance Specified)) |url: http://localhost/api/Product/GetProductBySubcatecode|action: GetProductBySubcatecode
2020-09-21 12:46:09.8852||ERROR|uccApiCore2.Controllers.ProductController|Something went wrong inside ProductController GetProductBySubcatecode action: One or more errors occurred. (A network-related or instance-specific error occurred while establishing a connection to SQL Server. The server was not found or was not accessible. Verify that the instance name is correct and that SQL Server is configured to allow remote connections. (provider: SQL Network Interfaces, error: 26 - Error Locating Server/Instance Specified)) |url: http://localhost/api/Product/GetProductBySubcatecode|action: GetProductBySubcatecode
2020-09-21 12:46:48.8351||ERROR|uccApiCore2.Controllers.ProductController|Something went wrong inside ProductController GetProductBySubcatecode action: One or more errors occurred. (A network-related or instance-specific error occurred while establishing a connection to SQL Server. The server was not found or was not accessible. Verify that the instance name is correct and that SQL Server is configured to allow remote connections. (provider: SQL Network Interfaces, error: 26 - Error Locating Server/Instance Specified)) |url: http://localhost/api/Product/GetProductBySubcatecode|action: GetProductBySubcatecode
2020-09-21 13:55:10.5482||DEBUG|uccApiCore2.Program|init main |url: |action: 
2020-09-21 14:00:58.6323||DEBUG|uccApiCore2.Program|init main |url: |action: 
2020-09-21 14:28:55.3994||DEBUG|uccApiCore2.Program|init main |url: |action: 
2020-09-21 14:59:26.5746||DEBUG|uccApiCore2.Program|init main |url: |action: 
2020-09-21 15:07:33.3227||DEBUG|uccApiCore2.Program|init main |url: |action: 
2020-09-21 15:07:57.7116||ERROR|uccApiCore2.Controllers.UsersController|Something went wrong inside UsersController GetAllUsers action: A network-related or instance-specific error occurred while establishing a connection to SQL Server. The server was not found or was not accessible. Verify that the instance name is correct and that SQL Server is configured to allow remote connections. (provider: SQL Network Interfaces, error: 26 - Error Locating Server/Instance Specified) |url: http://localhost/api/Users/GetAllUsers/|action: GetAllUsers
2020-09-21 15:26:14.9390||DEBUG|uccApiCore2.Program|init main |url: |action: 
2020-09-21 15:34:04.5741||DEBUG|uccApiCore2.Program|init main |url: |action: 
2020-09-21 15:34:25.6852||ERROR|uccApiCore2.Controllers.UsersController|Something went wrong inside UsersController checkMobileAllReadyRegisteredOrNot action: One or more errors occurred. (A network-related or instance-specific error occurred while establishing a connection to SQL Server. The server was not found or was not accessible. Verify that the instance name is correct and that SQL Server is configured to allow remote connections. (provider: SQL Network Interfaces, error: 26 - Error Locating Server/Instance Specified)) |url: http://localhost/api/Users/CheckMobileAllReadyRegisteredOrNot|action: CheckMobileAllReadyRegisteredOrNot
2020-09-21 15:37:19.8876||DEBUG|uccApiCore2.Program|init main |url: |action: 
2020-09-21 15:38:35.7285||ERROR|uccApiCore2.Controllers.UsersController|Something went wrong inside UsersController checkMobileAllReadyRegisteredOrNot action: One or more errors occurred. (A network-related or instance-specific error occurred while establishing a connection to SQL Server. The server was not found or was not accessible. Verify that the instance name is correct and that SQL Server is configured to allow remote connections. (provider: SQL Network Interfaces, error: 26 - Error Locating Server/Instance Specified)) |url: http://localhost/api/Users/CheckMobileAllReadyRegisteredOrNot|action: CheckMobileAllReadyRegisteredOrNot
2020-09-21 15:39:40.0213||DEBUG|uccApiCore2.Program|init main |url: |action: 
2020-09-21 16:41:16.9106||DEBUG|uccApiCore2.Program|init main |url: |action: 
2020-09-21 16:41:42.6474||ERROR|uccApiCore2.Controllers.UsersController|Something went wrong inside UsersController GetAllUsers action: A network-related or instance-specific error occurred while establishing a connection to SQL Server. The server was not found or was not accessible. Verify that the instance name is correct and that SQL Server is configured to allow remote connections. (provider: SQL Network Interfaces, error: 26 - Error Locating Server/Instance Specified) |url: http://localhost/api/Users/GetAllUsers/|action: GetAllUsers
2020-09-21 16:46:27.7530||ERROR|uccApiCore2.Controllers.ProductController|Something went wrong inside ProductController GetProductBySubcatecode action: One or more errors occurred. (A network-related or instance-specific error occurred while establishing a connection to SQL Server. The server was not found or was not accessible. Verify that the instance name is correct and that SQL Server is configured to allow remote connections. (provider: SQL Network Interfaces, error: 26 - Error Locating Server/Instance Specified)) |url: http://localhost/api/Product/GetProductBySubcatecode|action: GetProductBySubcatecode
2020-09-21 17:16:33.7287||ERROR|uccApiCore2.Controllers.ProductController|Something went wrong inside ProductController GetProductBySubcatecode action: One or more errors occurred. (A network-related or instance-specific error occurred while establishing a connection to SQL Server. The server was not found or was not accessible. Verify that the instance name is correct and that SQL Server is configured to allow remote connections. (provider: SQL Network Interfaces, error: 26 - Error Locating Server/Instance Specified)) |url: http://localhost/api/Product/GetProductBySubcatecode|action: GetProductBySubcatecode
2020-09-21 17:51:13.6319||ERROR|uccApiCore2.Controllers.UsersController|Something went wrong inside UsersController GetAllUsers action: A network-related or instance-specific error occurred while establishing a connection to SQL Server. The server was not found or was not accessible. Verify that the instance name is correct and that SQL Server is configured to allow remote connections. (provider: SQL Network Interfaces, error: 26 - Error Locating Server/Instance Specified) |url: http://localhost/api/Users/GetAllUsers/|action: GetAllUsers
2020-09-21 17:53:20.5147||ERROR|uccApiCore2.Controllers.ProductController|Something went wrong inside ProductController GetProductBySubcatecode action: One or more errors occurred. (A network-related or instance-specific error occurred while establishing a connection to SQL Server. The server was not found or was not accessible. Verify that the instance name is correct and that SQL Server is configured to allow remote connections. (provider: SQL Network Interfaces, error: 26 - Error Locating Server/Instance Specified)) |url: http://localhost/api/Product/GetProductBySubcatecode|action: GetProductBySubcatecode
2020-09-21 18:34:06.3051||ERROR|uccApiCore2.Controllers.ProductController|Something went wrong inside ProductController GetProductBySubcatecode action: One or more errors occurred. (A network-related or instance-specific error occurred while establishing a connection to SQL Server. The server was not found or was not accessible. Verify that the instance name is correct and that SQL Server is configured to allow remote connections. (provider: SQL Network Interfaces, error: 26 - Error Locating Server/Instance Specified)) |url: http://localhost/api/Product/GetProductBySubcatecode|action: GetProductBySubcatecode
2020-09-21 18:42:48.4493||ERROR|uccApiCore2.Controllers.UsersController|Something went wrong inside UsersController GetAllUsers action: A network-related or instance-specific error occurred while establishing a connection to SQL Server. The server was not found or was not accessible. Verify that the instance name is correct and that SQL Server is configured to allow remote connections. (provider: SQL Network Interfaces, error: 26 - Error Locating Server/Instance Specified) |url: http://localhost/api/Users/GetAllUsers/|action: GetAllUsers
2020-09-21 18:49:54.7187||DEBUG|uccApiCore2.Program|init main |url: |action: 
2020-09-21 18:52:05.7440||DEBUG|uccApiCore2.Program|init main |url: |action: 
2020-09-21 21:12:34.6330||DEBUG|uccApiCore2.Program|init main |url: |action: 
2020-09-21 21:13:00.6405||ERROR|uccApiCore2.Controllers.UsersController|Something went wrong inside UsersController GetAllUsers action: A network-related or instance-specific error occurred while establishing a connection to SQL Server. The server was not found or was not accessible. Verify that the instance name is correct and that SQL Server is configured to allow remote connections. (provider: SQL Network Interfaces, error: 26 - Error Locating Server/Instance Specified) |url: http://localhost/api/Users/GetAllUsers/|action: GetAllUsers
2020-09-21 21:13:00.6405||ERROR|uccApiCore2.Controllers.ProductController|Something went wrong inside ProductController GetProductBySubcatecode action: One or more errors occurred. (A network-related or instance-specific error occurred while establishing a connection to SQL Server. The server was not found or was not accessible. Verify that the instance name is correct and that SQL Server is configured to allow remote connections. (provider: SQL Network Interfaces, error: 26 - Error Locating Server/Instance Specified)) |url: http://localhost/api/Product/GetProductBySubcatecode|action: GetProductBySubcatecode
