2020-09-12 15:10:53.6693||DEBUG|uccApiCore2.Program|init main 
2020-09-12 15:10:59.5319||INFO|Microsoft.AspNetCore.DataProtection.KeyManagement.XmlKeyManager|User profile is available. Using 'C:\Users\deepak raheja\AppData\Local\ASP.NET\DataProtection-Keys' as key repository and Windows DPAPI to encrypt keys at rest. 
2020-09-12 15:11:04.0855|1|INFO|Microsoft.AspNetCore.Hosting.Internal.WebHost|Request starting HTTP/1.1 POST http://localhost:5205/api/users/UserRegistration application/json 185 
2020-09-12 15:11:04.0855|1|INFO|Microsoft.AspNetCore.Hosting.Internal.WebHost|Request starting HTTP/1.1 GET http://localhost:5205/api/values   
2020-09-12 15:11:04.0855|1|INFO|Microsoft.AspNetCore.Hosting.Internal.WebHost|Request starting HTTP/1.1 DEBUG http://localhost:5205/  0 
2020-09-12 15:11:04.9268|2|INFO|Microsoft.AspNetCore.Hosting.Internal.WebHost|Request finished in 1024.1885ms 200  
2020-09-12 15:11:05.9029|2|INFO|Microsoft.AspNetCore.Hosting.Internal.WebHost|Request finished in 1989.828ms 404  
2020-09-12 15:11:07.4023|1|INFO|Microsoft.AspNetCore.Mvc.Internal.ControllerActionInvoker|Executing action method uccApiCore2.Controllers.UsersController.UserRegistration (uccApiCore2) with arguments (uccApiCore2.Entities.Users) - ModelState is Valid 
2020-09-12 15:11:30.8160||ERROR|uccApiCore2.Controllers.UsersController|Something went wrong inside UsersController UserRegistration action: String or binary data would be truncated.
The statement has been terminated. 
2020-09-12 15:11:30.8937|1|INFO|Microsoft.AspNetCore.Mvc.Internal.ObjectResultExecutor|Executing ObjectResult, writing value Microsoft.AspNetCore.Mvc.ControllerContext. 
2020-09-12 15:11:31.0068|2|INFO|Microsoft.AspNetCore.Mvc.Internal.ControllerActionInvoker|Executed action uccApiCore2.Controllers.UsersController.UserRegistration (uccApiCore2) in 24637.9944ms 
2020-09-12 15:11:31.0438|2|INFO|Microsoft.AspNetCore.Hosting.Internal.WebHost|Request finished in 27159.6958ms 200 application/json; charset=utf-8 
2020-09-12 15:11:45.3886|1|INFO|Microsoft.AspNetCore.Hosting.Internal.WebHost|Request starting HTTP/1.1 POST http://localhost:5205/api/users/UserRegistration application/json 187 
2020-09-12 15:11:45.4108|1|INFO|Microsoft.AspNetCore.Mvc.Internal.ControllerActionInvoker|Executing action method uccApiCore2.Controllers.UsersController.UserRegistration (uccApiCore2) with arguments (uccApiCore2.Entities.Users) - ModelState is Valid 
2020-09-12 15:13:22.4797||ERROR|uccApiCore2.Controllers.UsersController|Something went wrong inside UsersController UserRegistration action: String or binary data would be truncated.
The statement has been terminated. 
2020-09-12 15:13:22.5150|1|INFO|Microsoft.AspNetCore.Mvc.Internal.ObjectResultExecutor|Executing ObjectResult, writing value Microsoft.AspNetCore.Mvc.ControllerContext. 
2020-09-12 15:13:22.5267|2|INFO|Microsoft.AspNetCore.Mvc.Internal.ControllerActionInvoker|Executed action uccApiCore2.Controllers.UsersController.UserRegistration (uccApiCore2) in 97120.9476ms 
2020-09-12 15:13:22.5356|2|INFO|Microsoft.AspNetCore.Hosting.Internal.WebHost|Request finished in 97147.0174ms 200 application/json; charset=utf-8 
2020-09-12 15:13:33.1451|1|INFO|Microsoft.AspNetCore.Hosting.Internal.WebHost|Request starting HTTP/1.1 POST http://localhost:5205/api/users/UserRegistration application/json 161 
2020-09-12 15:13:33.1586|1|INFO|Microsoft.AspNetCore.Mvc.Internal.ControllerActionInvoker|Executing action method uccApiCore2.Controllers.UsersController.UserRegistration (uccApiCore2) with arguments (uccApiCore2.Entities.Users) - ModelState is Valid 
2020-09-12 15:13:50.4751|1|INFO|Microsoft.AspNetCore.Mvc.Internal.ObjectResultExecutor|Executing ObjectResult, writing value Microsoft.AspNetCore.Mvc.ControllerContext. 
2020-09-12 15:13:50.4751|2|INFO|Microsoft.AspNetCore.Mvc.Internal.ControllerActionInvoker|Executed action uccApiCore2.Controllers.UsersController.UserRegistration (uccApiCore2) in 17323.1211ms 
2020-09-12 15:13:50.4926|2|INFO|Microsoft.AspNetCore.Hosting.Internal.WebHost|Request finished in 17347.5087ms 200 application/json; charset=utf-8 
2020-09-12 15:14:49.8575|1|INFO|Microsoft.AspNetCore.Hosting.Internal.WebHost|Request starting HTTP/1.1 POST http://localhost:5205/api/users/UserRegistration application/json 156 
2020-09-12 15:14:49.9017|1|INFO|Microsoft.AspNetCore.Mvc.Internal.ControllerActionInvoker|Executing action method uccApiCore2.Controllers.UsersController.UserRegistration (uccApiCore2) with arguments (uccApiCore2.Entities.Users) - ModelState is Valid 
2020-09-12 15:19:09.0094||DEBUG|uccApiCore2.Program|init main 
2020-09-12 15:19:16.1732||INFO|Microsoft.AspNetCore.DataProtection.KeyManagement.XmlKeyManager|User profile is available. Using 'C:\Users\deepak raheja\AppData\Local\ASP.NET\DataProtection-Keys' as key repository and Windows DPAPI to encrypt keys at rest. 
2020-09-12 15:19:20.3171|1|INFO|Microsoft.AspNetCore.Hosting.Internal.WebHost|Request starting HTTP/1.1 DEBUG http://localhost:5205/  0 
2020-09-12 15:19:20.3171|1|INFO|Microsoft.AspNetCore.Hosting.Internal.WebHost|Request starting HTTP/1.1 GET http://localhost:5205/api/values   
2020-09-12 15:19:21.8607|2|INFO|Microsoft.AspNetCore.Hosting.Internal.WebHost|Request finished in 1597.831ms 200  
2020-09-12 15:19:26.8159|2|INFO|Microsoft.AspNetCore.Hosting.Internal.WebHost|Request finished in 6568.2194ms 404  
2020-09-12 15:21:53.4263|1|INFO|Microsoft.AspNetCore.Hosting.Internal.WebHost|Request starting HTTP/1.1 POST http://localhost:5205/api/users/UserRegistration application/json 157 
2020-09-12 15:21:55.5346|1|INFO|Microsoft.AspNetCore.Mvc.Internal.ControllerActionInvoker|Executing action method uccApiCore2.Controllers.UsersController.UserRegistration (uccApiCore2) with arguments (uccApiCore2.Entities.Users) - ModelState is Valid 
2020-09-12 15:22:40.9602|1|INFO|Microsoft.AspNetCore.Mvc.Internal.ObjectResultExecutor|Executing ObjectResult, writing value Microsoft.AspNetCore.Mvc.ControllerContext. 
2020-09-12 15:22:41.2854|2|INFO|Microsoft.AspNetCore.Mvc.Internal.ControllerActionInvoker|Executed action uccApiCore2.Controllers.UsersController.UserRegistration (uccApiCore2) in 46900.8705ms 
2020-09-12 15:22:41.3571|2|INFO|Microsoft.AspNetCore.Hosting.Internal.WebHost|Request finished in 47930.952ms 200 application/json; charset=utf-8 
2020-09-12 15:23:54.0651||DEBUG|uccApiCore2.Program|init main 
2020-09-12 15:23:56.4486||INFO|Microsoft.AspNetCore.DataProtection.KeyManagement.XmlKeyManager|User profile is available. Using 'C:\Users\deepak raheja\AppData\Local\ASP.NET\DataProtection-Keys' as key repository and Windows DPAPI to encrypt keys at rest. 
2020-09-12 15:24:00.4033|1|INFO|Microsoft.AspNetCore.Hosting.Internal.WebHost|Request starting HTTP/1.1 DEBUG http://localhost:5205/  0 
2020-09-12 15:24:00.4033|1|INFO|Microsoft.AspNetCore.Hosting.Internal.WebHost|Request starting HTTP/1.1 GET http://localhost:5205/api/values   
2020-09-12 15:24:00.4033|1|INFO|Microsoft.AspNetCore.Hosting.Internal.WebHost|Request starting HTTP/1.1 POST http://localhost:5205/api/users/UserRegistration application/json 158 
2020-09-12 15:24:00.9323|2|INFO|Microsoft.AspNetCore.Hosting.Internal.WebHost|Request finished in 534.1365ms 200  
2020-09-12 15:24:01.5594|2|INFO|Microsoft.AspNetCore.Hosting.Internal.WebHost|Request finished in 1244.1253ms 404  
2020-09-12 15:24:03.6454|1|INFO|Microsoft.AspNetCore.Mvc.Internal.ControllerActionInvoker|Executing action method uccApiCore2.Controllers.UsersController.UserRegistration (uccApiCore2) with arguments (uccApiCore2.Entities.Users) - ModelState is Valid 
2020-09-12 15:24:30.1591|1|INFO|Microsoft.AspNetCore.Mvc.Internal.ObjectResultExecutor|Executing ObjectResult, writing value Microsoft.AspNetCore.Mvc.ControllerContext. 
2020-09-12 15:24:30.2728|2|INFO|Microsoft.AspNetCore.Mvc.Internal.ControllerActionInvoker|Executed action uccApiCore2.Controllers.UsersController.UserRegistration (uccApiCore2) in 27537.9552ms 
2020-09-12 15:24:30.2948|2|INFO|Microsoft.AspNetCore.Hosting.Internal.WebHost|Request finished in 29922.0299ms 200 application/json; charset=utf-8 
