2020-09-11 13:27:51.9779||DEBUG|uccApiCore2.Program|init main 
2020-09-11 13:28:35.6549||INFO|Microsoft.AspNetCore.DataProtection.KeyManagement.XmlKeyManager|User profile is available. Using 'C:\Users\deepak raheja\AppData\Local\ASP.NET\DataProtection-Keys' as key repository and Windows DPAPI to encrypt keys at rest. 
2020-09-11 13:28:40.3377|1|INFO|Microsoft.AspNetCore.Hosting.Internal.WebHost|Request starting HTTP/1.1 GET http://localhost:5205/api/values   
2020-09-11 13:28:40.3377|1|INFO|Microsoft.AspNetCore.Hosting.Internal.WebHost|Request starting HTTP/1.1 DEBUG http://localhost:5205/  0 
2020-09-11 13:28:40.3377|1|INFO|Microsoft.AspNetCore.Hosting.Internal.WebHost|Request starting HTTP/1.1 OPTIONS http://localhost:5205/api/Users/ValidLogin/   
2020-09-11 13:28:40.3377|1|INFO|Microsoft.AspNetCore.Hosting.Internal.WebHost|Request starting HTTP/1.1 GET http://localhost:5205/api/values   
2020-09-11 13:28:41.8006|2|INFO|Microsoft.AspNetCore.Hosting.Internal.WebHost|Request finished in 1515.5535ms 200  
2020-09-11 13:28:42.0883|4|INFO|Microsoft.AspNetCore.Cors.Infrastructure.CorsService|Policy execution successful. 
2020-09-11 13:28:42.1352|2|INFO|Microsoft.AspNetCore.Hosting.Internal.WebHost|Request finished in 1876.0214ms 204  
2020-09-11 13:28:42.1598|1|INFO|Microsoft.AspNetCore.Hosting.Internal.WebHost|Request starting HTTP/1.1 POST http://localhost:5205/api/Users/ValidLogin/ application/json 61 
2020-09-11 13:28:42.1866|4|INFO|Microsoft.AspNetCore.Cors.Infrastructure.CorsService|Policy execution successful. 
2020-09-11 13:28:43.0231|2|INFO|Microsoft.AspNetCore.Hosting.Internal.WebHost|Request finished in 2755.2786ms 404  
2020-09-11 13:28:43.0231|2|INFO|Microsoft.AspNetCore.Hosting.Internal.WebHost|Request finished in 2755.5157ms 404  
2020-09-11 13:28:48.4190|1|INFO|Microsoft.AspNetCore.Mvc.Internal.ControllerActionInvoker|Executing action method uccApiCore2.Controllers.UsersController.ValidLogin (uccApiCore2) with arguments (uccApiCore2.Entities.Users) - ModelState is Valid 
2020-09-11 13:28:52.4669|1|INFO|Microsoft.AspNetCore.Mvc.Internal.ObjectResultExecutor|Executing ObjectResult, writing value Microsoft.AspNetCore.Mvc.ControllerContext. 
2020-09-11 13:28:53.1975|2|INFO|Microsoft.AspNetCore.Mvc.Internal.ControllerActionInvoker|Executed action uccApiCore2.Controllers.UsersController.ValidLogin (uccApiCore2) in 7006.317ms 
2020-09-11 13:28:53.2375|2|INFO|Microsoft.AspNetCore.Hosting.Internal.WebHost|Request finished in 11077.8145ms 200 application/json; charset=utf-8 
2020-09-11 13:28:59.4994|1|INFO|Microsoft.AspNetCore.Hosting.Internal.WebHost|Request starting HTTP/1.1 OPTIONS http://localhost:5205/api/Users/ValidLogin/   
2020-09-11 13:28:59.5495|4|INFO|Microsoft.AspNetCore.Cors.Infrastructure.CorsService|Policy execution successful. 
2020-09-11 13:28:59.5823|2|INFO|Microsoft.AspNetCore.Hosting.Internal.WebHost|Request finished in 82.9914ms 204  
2020-09-11 13:28:59.6032|1|INFO|Microsoft.AspNetCore.Hosting.Internal.WebHost|Request starting HTTP/1.1 POST http://localhost:5205/api/Users/ValidLogin/ application/json 61 
2020-09-11 13:28:59.6032|4|INFO|Microsoft.AspNetCore.Cors.Infrastructure.CorsService|Policy execution successful. 
2020-09-11 13:28:59.6421|1|INFO|Microsoft.AspNetCore.Mvc.Internal.ControllerActionInvoker|Executing action method uccApiCore2.Controllers.UsersController.ValidLogin (uccApiCore2) with arguments (uccApiCore2.Entities.Users) - ModelState is Valid 
2020-09-11 13:28:59.8762|1|INFO|Microsoft.AspNetCore.Mvc.Internal.ObjectResultExecutor|Executing ObjectResult, writing value Microsoft.AspNetCore.Mvc.ControllerContext. 
2020-09-11 13:28:59.8762|2|INFO|Microsoft.AspNetCore.Mvc.Internal.ControllerActionInvoker|Executed action uccApiCore2.Controllers.UsersController.ValidLogin (uccApiCore2) in 250.711ms 
2020-09-11 13:28:59.9046|2|INFO|Microsoft.AspNetCore.Hosting.Internal.WebHost|Request finished in 301.4772ms 200 application/json; charset=utf-8 
2020-09-11 13:29:06.1865|1|INFO|Microsoft.AspNetCore.Hosting.Internal.WebHost|Request starting HTTP/1.1 OPTIONS http://localhost:5205/api/Users/ValidLogin/   
2020-09-11 13:29:06.2130|4|INFO|Microsoft.AspNetCore.Cors.Infrastructure.CorsService|Policy execution successful. 
2020-09-11 13:29:06.2389|2|INFO|Microsoft.AspNetCore.Hosting.Internal.WebHost|Request finished in 52.4218ms 204  
2020-09-11 13:29:06.2769|1|INFO|Microsoft.AspNetCore.Hosting.Internal.WebHost|Request starting HTTP/1.1 POST http://localhost:5205/api/Users/ValidLogin/ application/json 52 
2020-09-11 13:29:06.3858|4|INFO|Microsoft.AspNetCore.Cors.Infrastructure.CorsService|Policy execution successful. 
2020-09-11 13:29:06.4280|1|INFO|Microsoft.AspNetCore.Mvc.Internal.ControllerActionInvoker|Executing action method uccApiCore2.Controllers.UsersController.ValidLogin (uccApiCore2) with arguments (uccApiCore2.Entities.Users) - ModelState is Valid 
2020-09-11 13:29:07.0435|1|INFO|Microsoft.AspNetCore.Mvc.Internal.ObjectResultExecutor|Executing ObjectResult, writing value Microsoft.AspNetCore.Mvc.ControllerContext. 
2020-09-11 13:29:07.0915|2|INFO|Microsoft.AspNetCore.Mvc.Internal.ControllerActionInvoker|Executed action uccApiCore2.Controllers.UsersController.ValidLogin (uccApiCore2) in 672.2765ms 
2020-09-11 13:29:07.0986|2|INFO|Microsoft.AspNetCore.Hosting.Internal.WebHost|Request finished in 821.8584ms 200 application/json; charset=utf-8 
2020-09-11 13:29:07.6324|1|INFO|Microsoft.AspNetCore.Hosting.Internal.WebHost|Request starting HTTP/1.1 OPTIONS http://localhost:5205/api/Order/GetDashboardSummary   
2020-09-11 13:29:07.6449|4|INFO|Microsoft.AspNetCore.Cors.Infrastructure.CorsService|Policy execution successful. 
2020-09-11 13:29:07.8301|2|INFO|Microsoft.AspNetCore.Hosting.Internal.WebHost|Request finished in 197.7873ms 204  
2020-09-11 13:29:07.8990|1|INFO|Microsoft.AspNetCore.Hosting.Internal.WebHost|Request starting HTTP/1.1 POST http://localhost:5205/api/Order/GetDashboardSummary application/json 2 
2020-09-11 13:29:08.1052|2|INFO|Microsoft.AspNetCore.Authentication.JwtBearer.JwtBearerHandler|Successfully validated the token. 
2020-09-11 13:29:08.2251|8|INFO|Microsoft.AspNetCore.Authentication.JwtBearer.JwtBearerHandler|AuthenticationScheme: Bearer was successfully authenticated. 
2020-09-11 13:29:08.2371|4|INFO|Microsoft.AspNetCore.Cors.Infrastructure.CorsService|Policy execution successful. 
2020-09-11 13:29:08.3089|1|INFO|Microsoft.AspNetCore.Authorization.DefaultAuthorizationService|Authorization was successful. 
2020-09-11 13:29:08.3152|1|INFO|Microsoft.AspNetCore.Mvc.Internal.ControllerActionInvoker|Executing action method uccApiCore2.Controllers.OrderController.GetDashboardSummary (uccApiCore2) with arguments ((null)) - ModelState is Valid 
2020-09-11 13:29:08.4306|1|INFO|Microsoft.AspNetCore.Mvc.Internal.ObjectResultExecutor|Executing ObjectResult, writing value Microsoft.AspNetCore.Mvc.ControllerContext. 
2020-09-11 13:29:08.4804|2|INFO|Microsoft.AspNetCore.Mvc.Internal.ControllerActionInvoker|Executed action uccApiCore2.Controllers.OrderController.GetDashboardSummary (uccApiCore2) in 208.7795ms 
2020-09-11 13:29:08.4899|2|INFO|Microsoft.AspNetCore.Hosting.Internal.WebHost|Request finished in 590.9231ms 200 application/json; charset=utf-8 
2020-09-11 13:29:16.8126|1|INFO|Microsoft.AspNetCore.Hosting.Internal.WebHost|Request starting HTTP/1.1 OPTIONS http://localhost:5205/api/Category/GetAllMainCategory/   
2020-09-11 13:29:16.8218|4|INFO|Microsoft.AspNetCore.Cors.Infrastructure.CorsService|Policy execution successful. 
2020-09-11 13:29:16.8218|2|INFO|Microsoft.AspNetCore.Hosting.Internal.WebHost|Request finished in 12.4007ms 204  
2020-09-11 13:29:16.8298|1|INFO|Microsoft.AspNetCore.Hosting.Internal.WebHost|Request starting HTTP/1.1 POST http://localhost:5205/api/Category/GetAllMainCategory/ application/json 12 
2020-09-11 13:29:16.8298|2|INFO|Microsoft.AspNetCore.Authentication.JwtBearer.JwtBearerHandler|Successfully validated the token. 
2020-09-11 13:29:16.8533|8|INFO|Microsoft.AspNetCore.Authentication.JwtBearer.JwtBearerHandler|AuthenticationScheme: Bearer was successfully authenticated. 
2020-09-11 13:29:16.8533|4|INFO|Microsoft.AspNetCore.Cors.Infrastructure.CorsService|Policy execution successful. 
2020-09-11 13:29:16.8882|1|INFO|Microsoft.AspNetCore.Authorization.DefaultAuthorizationService|Authorization was successful. 
2020-09-11 13:29:16.9098|1|INFO|Microsoft.AspNetCore.Mvc.Internal.ControllerActionInvoker|Executing action method uccApiCore2.Controllers.CategoryController.GetAllMainCategory (uccApiCore2) with arguments (uccApiCore2.Entities.Category) - ModelState is Valid 
2020-09-11 13:29:17.3622|1|INFO|Microsoft.AspNetCore.Mvc.Internal.ObjectResultExecutor|Executing ObjectResult, writing value Microsoft.AspNetCore.Mvc.ControllerContext. 
2020-09-11 13:29:17.3951|2|INFO|Microsoft.AspNetCore.Mvc.Internal.ControllerActionInvoker|Executed action uccApiCore2.Controllers.CategoryController.GetAllMainCategory (uccApiCore2) in 506.9659ms 
2020-09-11 13:29:17.3951|2|INFO|Microsoft.AspNetCore.Hosting.Internal.WebHost|Request finished in 576.1637ms 200 application/json; charset=utf-8 
2020-09-11 13:29:23.7931|1|INFO|Microsoft.AspNetCore.Hosting.Internal.WebHost|Request starting HTTP/1.1 OPTIONS http://localhost:5205/api/Product/GetAllProductBySupplierId/   
2020-09-11 13:29:23.8035|4|INFO|Microsoft.AspNetCore.Cors.Infrastructure.CorsService|Policy execution successful. 
2020-09-11 13:29:23.8035|1|INFO|Microsoft.AspNetCore.Hosting.Internal.WebHost|Request starting HTTP/1.1 OPTIONS http://localhost:5205/api/Supplier/GetSupplier/   
2020-09-11 13:29:23.8913|4|INFO|Microsoft.AspNetCore.Cors.Infrastructure.CorsService|Policy execution successful. 
2020-09-11 13:29:23.8913|2|INFO|Microsoft.AspNetCore.Hosting.Internal.WebHost|Request finished in 98.2691ms 204  
2020-09-11 13:29:24.0102|1|INFO|Microsoft.AspNetCore.Hosting.Internal.WebHost|Request starting HTTP/1.1 POST http://localhost:5205/api/Product/GetAllProductBySupplierId/ application/json 16 
2020-09-11 13:29:24.3908|2|INFO|Microsoft.AspNetCore.Hosting.Internal.WebHost|Request finished in 585.4655ms 204  
2020-09-11 13:29:24.4784|1|INFO|Microsoft.AspNetCore.Hosting.Internal.WebHost|Request starting HTTP/1.1 POST http://localhost:5205/api/Supplier/GetSupplier/ application/json 12 
2020-09-11 13:29:24.5019|2|INFO|Microsoft.AspNetCore.Authentication.JwtBearer.JwtBearerHandler|Successfully validated the token. 
2020-09-11 13:29:24.5019|2|INFO|Microsoft.AspNetCore.Authentication.JwtBearer.JwtBearerHandler|Successfully validated the token. 
2020-09-11 13:29:24.5339|8|INFO|Microsoft.AspNetCore.Authentication.JwtBearer.JwtBearerHandler|AuthenticationScheme: Bearer was successfully authenticated. 
2020-09-11 13:29:24.5339|8|INFO|Microsoft.AspNetCore.Authentication.JwtBearer.JwtBearerHandler|AuthenticationScheme: Bearer was successfully authenticated. 
2020-09-11 13:29:24.5550|4|INFO|Microsoft.AspNetCore.Cors.Infrastructure.CorsService|Policy execution successful. 
2020-09-11 13:29:24.5550|4|INFO|Microsoft.AspNetCore.Cors.Infrastructure.CorsService|Policy execution successful. 
2020-09-11 13:29:24.7062|1|INFO|Microsoft.AspNetCore.Authorization.DefaultAuthorizationService|Authorization was successful. 
2020-09-11 13:29:24.8772|1|INFO|Microsoft.AspNetCore.Authorization.DefaultAuthorizationService|Authorization was successful. 
2020-09-11 13:29:26.0291|1|INFO|Microsoft.AspNetCore.Mvc.Internal.ControllerActionInvoker|Executing action method uccApiCore2.Controllers.SupplierController.GetSupplier (uccApiCore2) with arguments (uccApiCore2.Entities.Supplier) - ModelState is Valid 
2020-09-11 13:29:26.3075|1|INFO|Microsoft.AspNetCore.Mvc.Internal.ControllerActionInvoker|Executing action method uccApiCore2.Controllers.ProductController.GetAllProductBySupplierId (uccApiCore2) with arguments (uccApiCore2.Entities.Product) - ModelState is Valid 
2020-09-11 13:29:27.4822|1|INFO|Microsoft.AspNetCore.Mvc.Internal.ObjectResultExecutor|Executing ObjectResult, writing value Microsoft.AspNetCore.Mvc.ControllerContext. 
2020-09-11 13:29:30.6075|2|INFO|Microsoft.AspNetCore.Mvc.Internal.ControllerActionInvoker|Executed action uccApiCore2.Controllers.SupplierController.GetSupplier (uccApiCore2) in 5901.3459ms 
2020-09-11 13:29:30.8032|2|INFO|Microsoft.AspNetCore.Hosting.Internal.WebHost|Request finished in 6324.8588ms 200 application/json; charset=utf-8 
2020-09-11 13:29:30.8032|1|INFO|Microsoft.AspNetCore.Mvc.Internal.ObjectResultExecutor|Executing ObjectResult, writing value Microsoft.AspNetCore.Mvc.ControllerContext. 
2020-09-11 13:29:30.8870|2|INFO|Microsoft.AspNetCore.Mvc.Internal.ControllerActionInvoker|Executed action uccApiCore2.Controllers.ProductController.GetAllProductBySupplierId (uccApiCore2) in 6009.8841ms 
2020-09-11 13:29:30.8925|2|INFO|Microsoft.AspNetCore.Hosting.Internal.WebHost|Request finished in 6882.3755ms 200 application/json; charset=utf-8 
2020-09-11 13:29:31.1734|1|INFO|Microsoft.AspNetCore.Hosting.Internal.WebHost|Request starting HTTP/1.1 GET http://localhost:5205/ProductImage/10/frontImage/10-08272020010239-1.jpg   
2020-09-11 13:29:31.2586|1|INFO|Microsoft.AspNetCore.Hosting.Internal.WebHost|Request starting HTTP/1.1 GET http://localhost:5205/ProductImage/13/frontImage/13-08172020095440-1.jpg   
2020-09-11 13:29:31.2586|1|INFO|Microsoft.AspNetCore.Hosting.Internal.WebHost|Request starting HTTP/1.1 GET http://localhost:5205/ProductImage/11/frontImage/11-08172020105927-1.jpg   
2020-09-11 13:29:31.2679|1|INFO|Microsoft.AspNetCore.Hosting.Internal.WebHost|Request starting HTTP/1.1 GET http://localhost:5205/ProductImage/15/frontImage/15-07302020113719-1.jpg   
2020-09-11 13:29:31.3188|2|INFO|Microsoft.AspNetCore.Hosting.Internal.WebHost|Request finished in 145.507ms 404  
2020-09-11 13:29:31.3731|2|INFO|Microsoft.AspNetCore.Hosting.Internal.WebHost|Request finished in 105.2481ms 404  
2020-09-11 13:29:31.4044|2|INFO|Microsoft.AspNetCore.Hosting.Internal.WebHost|Request finished in 143.5699ms 404  
2020-09-11 13:29:31.4502|1|INFO|Microsoft.AspNetCore.Hosting.Internal.WebHost|Request starting HTTP/1.1 GET http://localhost:5205/ProductImage/17/frontImage/17-07302020113757-1.jpg   
2020-09-11 13:29:31.4628|1|INFO|Microsoft.AspNetCore.Hosting.Internal.WebHost|Request starting HTTP/1.1 GET http://localhost:5205/ProductImage/18/frontImage/18-07302020112350-1.jpg   
2020-09-11 13:29:31.4715|2|INFO|Microsoft.AspNetCore.Hosting.Internal.WebHost|Request finished in 21.3638ms 404  
2020-09-11 13:29:31.5987|2|INFO|Microsoft.AspNetCore.Hosting.Internal.WebHost|Request finished in 135.9396ms 404  
2020-09-11 13:29:31.6524|1|INFO|Microsoft.AspNetCore.Hosting.Internal.WebHost|Request starting HTTP/1.1 GET http://localhost:5205/ProductImage/19/frontImage/19-08052020094331-1.jpg   
2020-09-11 13:29:31.6686|1|INFO|Microsoft.AspNetCore.Hosting.Internal.WebHost|Request starting HTTP/1.1 GET http://localhost:5205/ProductImage/14/frontImage/14-07302020113630-1.jpg   
2020-09-11 13:29:31.6771|2|INFO|Microsoft.AspNetCore.Hosting.Internal.WebHost|Request finished in 24.6901ms 404  
2020-09-11 13:29:31.9848|2|INFO|Microsoft.AspNetCore.Hosting.Internal.WebHost|Request finished in 316.3174ms 404  
2020-09-11 13:29:32.0959|1|INFO|Microsoft.AspNetCore.Hosting.Internal.WebHost|Request starting HTTP/1.1 GET http://localhost:5205/ProductImage/12/frontImage/12-08172020103417-1.jpg   
2020-09-11 13:29:32.0959|2|INFO|Microsoft.AspNetCore.Hosting.Internal.WebHost|Request finished in 850.9149ms 404  
2020-09-11 13:29:32.0959|2|INFO|Microsoft.AspNetCore.Hosting.Internal.WebHost|Request finished in 13.58ms 404  
2020-09-11 13:29:32.1466|1|INFO|Microsoft.AspNetCore.Hosting.Internal.WebHost|Request starting HTTP/1.1 GET http://localhost:5205/ProductImage/16/frontImage/16-07302020124132-1.jpg   
2020-09-11 13:29:32.1466|2|INFO|Microsoft.AspNetCore.Hosting.Internal.WebHost|Request finished in 6.2471ms 404  
2020-09-11 13:29:43.2859|1|INFO|Microsoft.AspNetCore.Hosting.Internal.WebHost|Request starting HTTP/1.1 OPTIONS http://localhost:5205/api/Users/GetAllUsers/   
2020-09-11 13:29:43.3042|4|INFO|Microsoft.AspNetCore.Cors.Infrastructure.CorsService|Policy execution successful. 
2020-09-11 13:29:43.3042|2|INFO|Microsoft.AspNetCore.Hosting.Internal.WebHost|Request finished in 26.163ms 204  
2020-09-11 13:29:43.3364|1|INFO|Microsoft.AspNetCore.Hosting.Internal.WebHost|Request starting HTTP/1.1 POST http://localhost:5205/api/Users/GetAllUsers/ application/json 2 
2020-09-11 13:29:43.3565|2|INFO|Microsoft.AspNetCore.Authentication.JwtBearer.JwtBearerHandler|Successfully validated the token. 
2020-09-11 13:29:43.3849|8|INFO|Microsoft.AspNetCore.Authentication.JwtBearer.JwtBearerHandler|AuthenticationScheme: Bearer was successfully authenticated. 
2020-09-11 13:29:43.4010|4|INFO|Microsoft.AspNetCore.Cors.Infrastructure.CorsService|Policy execution successful. 
2020-09-11 13:29:43.4300|1|INFO|Microsoft.AspNetCore.Authorization.DefaultAuthorizationService|Authorization was successful. 
2020-09-11 13:29:43.5864|1|INFO|Microsoft.AspNetCore.Mvc.Internal.ControllerActionInvoker|Executing action method uccApiCore2.Controllers.UsersController.GetAllUsers (uccApiCore2) with arguments ((null)) - ModelState is Valid 
2020-09-11 13:29:43.7418|1|INFO|Microsoft.AspNetCore.Mvc.Internal.ObjectResultExecutor|Executing ObjectResult, writing value Microsoft.AspNetCore.Mvc.ControllerContext. 
2020-09-11 13:29:43.7682|2|INFO|Microsoft.AspNetCore.Mvc.Internal.ControllerActionInvoker|Executed action uccApiCore2.Controllers.UsersController.GetAllUsers (uccApiCore2) in 338.282ms 
2020-09-11 13:29:43.7822|2|INFO|Microsoft.AspNetCore.Hosting.Internal.WebHost|Request finished in 445.8761ms 200 application/json; charset=utf-8 
2020-09-11 13:37:19.8248|1|INFO|Microsoft.AspNetCore.Hosting.Internal.WebHost|Request starting HTTP/1.1 OPTIONS http://localhost:5205/api/Users/ValidLogin/   
2020-09-11 13:37:19.9094|4|INFO|Microsoft.AspNetCore.Cors.Infrastructure.CorsService|Policy execution successful. 
2020-09-11 13:37:20.0456|2|INFO|Microsoft.AspNetCore.Hosting.Internal.WebHost|Request finished in 166.3511ms 204  
2020-09-11 13:37:20.1079|1|INFO|Microsoft.AspNetCore.Hosting.Internal.WebHost|Request starting HTTP/1.1 POST http://localhost:5205/api/Users/ValidLogin/ application/json 52 
2020-09-11 13:37:20.1117|4|INFO|Microsoft.AspNetCore.Cors.Infrastructure.CorsService|Policy execution successful. 
2020-09-11 13:37:20.1416|1|INFO|Microsoft.AspNetCore.Mvc.Internal.ControllerActionInvoker|Executing action method uccApiCore2.Controllers.UsersController.ValidLogin (uccApiCore2) with arguments (uccApiCore2.Entities.Users) - ModelState is Valid 
2020-09-11 13:37:20.7551|1|INFO|Microsoft.AspNetCore.Mvc.Internal.ObjectResultExecutor|Executing ObjectResult, writing value Microsoft.AspNetCore.Mvc.ControllerContext. 
2020-09-11 13:37:20.7551|2|INFO|Microsoft.AspNetCore.Mvc.Internal.ControllerActionInvoker|Executed action uccApiCore2.Controllers.UsersController.ValidLogin (uccApiCore2) in 630.4652ms 
2020-09-11 13:37:20.7551|2|INFO|Microsoft.AspNetCore.Hosting.Internal.WebHost|Request finished in 658.486ms 200 application/json; charset=utf-8 
2020-09-11 13:37:20.8362|1|INFO|Microsoft.AspNetCore.Hosting.Internal.WebHost|Request starting HTTP/1.1 OPTIONS http://localhost:5205/api/Order/GetDashboardSummary   
2020-09-11 13:37:20.8362|4|INFO|Microsoft.AspNetCore.Cors.Infrastructure.CorsService|Policy execution successful. 
2020-09-11 13:37:20.8478|2|INFO|Microsoft.AspNetCore.Hosting.Internal.WebHost|Request finished in 11.7322ms 204  
2020-09-11 13:37:20.8478|1|INFO|Microsoft.AspNetCore.Hosting.Internal.WebHost|Request starting HTTP/1.1 POST http://localhost:5205/api/Order/GetDashboardSummary application/json 2 
2020-09-11 13:37:20.8622|2|INFO|Microsoft.AspNetCore.Authentication.JwtBearer.JwtBearerHandler|Successfully validated the token. 
2020-09-11 13:37:20.8622|8|INFO|Microsoft.AspNetCore.Authentication.JwtBearer.JwtBearerHandler|AuthenticationScheme: Bearer was successfully authenticated. 
2020-09-11 13:37:20.8622|4|INFO|Microsoft.AspNetCore.Cors.Infrastructure.CorsService|Policy execution successful. 
2020-09-11 13:37:20.8622|1|INFO|Microsoft.AspNetCore.Authorization.DefaultAuthorizationService|Authorization was successful. 
2020-09-11 13:37:20.8844|1|INFO|Microsoft.AspNetCore.Mvc.Internal.ControllerActionInvoker|Executing action method uccApiCore2.Controllers.OrderController.GetDashboardSummary (uccApiCore2) with arguments ((null)) - ModelState is Valid 
2020-09-11 13:37:21.0118|1|INFO|Microsoft.AspNetCore.Mvc.Internal.ObjectResultExecutor|Executing ObjectResult, writing value Microsoft.AspNetCore.Mvc.ControllerContext. 
2020-09-11 13:37:21.0245|2|INFO|Microsoft.AspNetCore.Mvc.Internal.ControllerActionInvoker|Executed action uccApiCore2.Controllers.OrderController.GetDashboardSummary (uccApiCore2) in 150.9514ms 
2020-09-11 13:37:21.0421|2|INFO|Microsoft.AspNetCore.Hosting.Internal.WebHost|Request finished in 184.7562ms 200 application/json; charset=utf-8 
2020-09-11 14:01:48.9170||DEBUG|uccApiCore2.Program|init main 
2020-09-11 14:01:56.0111||INFO|Microsoft.AspNetCore.DataProtection.KeyManagement.XmlKeyManager|User profile is available. Using 'C:\Users\deepak raheja\AppData\Local\ASP.NET\DataProtection-Keys' as key repository and Windows DPAPI to encrypt keys at rest. 
2020-09-11 14:02:00.1488|1|INFO|Microsoft.AspNetCore.Hosting.Internal.WebHost|Request starting HTTP/1.1 DEBUG http://localhost:5205/  0 
2020-09-11 14:02:00.1488|1|INFO|Microsoft.AspNetCore.Hosting.Internal.WebHost|Request starting HTTP/1.1 GET http://localhost:5205/api/values   
2020-09-11 14:02:02.6059|2|INFO|Microsoft.AspNetCore.Hosting.Internal.WebHost|Request finished in 2501.5344ms 200  
2020-09-11 14:02:03.2104|2|INFO|Microsoft.AspNetCore.Hosting.Internal.WebHost|Request finished in 3120.5959ms 404  
2020-09-11 14:02:51.9492|1|INFO|Microsoft.AspNetCore.Hosting.Internal.WebHost|Request starting HTTP/1.1 POST http://localhost:5205/api/Users/UserRegistration application/json 132 
2020-09-11 14:02:54.8588|1|INFO|Microsoft.AspNetCore.Mvc.Internal.ControllerActionInvoker|Executing action method uccApiCore2.Controllers.UsersController.UserRegistration (uccApiCore2) with arguments (uccApiCore2.Entities.Users) - ModelState is Valid 
2020-09-11 14:03:32.9645|1|INFO|Microsoft.AspNetCore.Mvc.Internal.ObjectResultExecutor|Executing ObjectResult, writing value Microsoft.AspNetCore.Mvc.ControllerContext. 
2020-09-11 14:03:33.1055|2|INFO|Microsoft.AspNetCore.Mvc.Internal.ControllerActionInvoker|Executed action uccApiCore2.Controllers.UsersController.UserRegistration (uccApiCore2) in 40206.8871ms 
2020-09-11 14:03:33.1665|2|INFO|Microsoft.AspNetCore.Hosting.Internal.WebHost|Request finished in 41217.2752ms 200 application/json; charset=utf-8 
2020-09-11 14:42:18.4698||DEBUG|uccApiCore2.Program|init main 
2020-09-11 14:42:31.5696||INFO|Microsoft.AspNetCore.DataProtection.KeyManagement.XmlKeyManager|User profile is available. Using 'C:\Users\deepak raheja\AppData\Local\ASP.NET\DataProtection-Keys' as key repository and Windows DPAPI to encrypt keys at rest. 
2020-09-11 14:42:34.2814|1|INFO|Microsoft.AspNetCore.Hosting.Internal.WebHost|Request starting HTTP/1.1 POST http://localhost:5205/api/Users/UserRegistration application/json 137 
2020-09-11 14:42:34.2814|1|INFO|Microsoft.AspNetCore.Hosting.Internal.WebHost|Request starting HTTP/1.1 GET http://localhost:5205/api/values   
2020-09-11 14:42:34.2814|1|INFO|Microsoft.AspNetCore.Hosting.Internal.WebHost|Request starting HTTP/1.1 DEBUG http://localhost:5205/  0 
2020-09-11 14:42:34.9353|2|INFO|Microsoft.AspNetCore.Hosting.Internal.WebHost|Request finished in 690.2595ms 200  
2020-09-11 14:42:35.6129|2|INFO|Microsoft.AspNetCore.Hosting.Internal.WebHost|Request finished in 1384.5976ms 404  
2020-09-11 14:42:37.5250|1|INFO|Microsoft.AspNetCore.Mvc.Internal.ControllerActionInvoker|Executing action method uccApiCore2.Controllers.UsersController.UserRegistration (uccApiCore2) with arguments (uccApiCore2.Entities.Users) - ModelState is Valid 
2020-09-11 14:42:40.7805||ERROR|uccApiCore2.Controllers.UsersController|Something went wrong inside UsersController UserRegistration action: Could not load file or assembly 'mailinblue, Version=1.0.7559.26182, Culture=neutral, PublicKeyToken=null'. An attempt was made to load a program with an incorrect format. 
2020-09-11 14:42:40.8726|1|INFO|Microsoft.AspNetCore.Mvc.Internal.ObjectResultExecutor|Executing ObjectResult, writing value Microsoft.AspNetCore.Mvc.ControllerContext. 
2020-09-11 14:42:41.1528|2|INFO|Microsoft.AspNetCore.Mvc.Internal.ControllerActionInvoker|Executed action uccApiCore2.Controllers.UsersController.UserRegistration (uccApiCore2) in 4689.8753ms 
2020-09-11 14:42:41.2121|2|INFO|Microsoft.AspNetCore.Hosting.Internal.WebHost|Request finished in 6983.9027ms 200 application/json; charset=utf-8 
2020-09-11 14:43:00.2438|1|INFO|Microsoft.AspNetCore.Hosting.Internal.WebHost|Request starting HTTP/1.1 POST http://localhost:5205/api/Users/UserRegistration application/json 137 
2020-09-11 14:43:00.3140|1|INFO|Microsoft.AspNetCore.Mvc.Internal.ControllerActionInvoker|Executing action method uccApiCore2.Controllers.UsersController.UserRegistration (uccApiCore2) with arguments (uccApiCore2.Entities.Users) - ModelState is Valid 
2020-09-11 14:43:01.2073||ERROR|uccApiCore2.Controllers.UsersController|Something went wrong inside UsersController UserRegistration action: Index was out of range. Must be non-negative and less than the size of the collection.
Parameter name: index 
2020-09-11 14:43:01.2832|1|INFO|Microsoft.AspNetCore.Mvc.Internal.ObjectResultExecutor|Executing ObjectResult, writing value Microsoft.AspNetCore.Mvc.ControllerContext. 
2020-09-11 14:43:01.3081|2|INFO|Microsoft.AspNetCore.Mvc.Internal.ControllerActionInvoker|Executed action uccApiCore2.Controllers.UsersController.UserRegistration (uccApiCore2) in 1018.9637ms 
2020-09-11 14:43:01.3209|2|INFO|Microsoft.AspNetCore.Hosting.Internal.WebHost|Request finished in 1077.233ms 200 application/json; charset=utf-8 
2020-09-11 14:43:25.8291|1|INFO|Microsoft.AspNetCore.Hosting.Internal.WebHost|Request starting HTTP/1.1 POST http://localhost:5205/api/Users/UserRegistration application/json 139 
2020-09-11 14:43:25.8655|1|INFO|Microsoft.AspNetCore.Mvc.Internal.ControllerActionInvoker|Executing action method uccApiCore2.Controllers.UsersController.UserRegistration (uccApiCore2) with arguments (uccApiCore2.Entities.Users) - ModelState is Valid 
2020-09-11 14:43:29.8988||ERROR|uccApiCore2.Controllers.UsersController|Something went wrong inside UsersController UserRegistration action: Could not load file or assembly 'mailinblue, Version=1.0.7559.26182, Culture=neutral, PublicKeyToken=null'. An attempt was made to load a program with an incorrect format. 
2020-09-11 14:43:29.9137|1|INFO|Microsoft.AspNetCore.Mvc.Internal.ObjectResultExecutor|Executing ObjectResult, writing value Microsoft.AspNetCore.Mvc.ControllerContext. 
2020-09-11 14:43:29.9279|2|INFO|Microsoft.AspNetCore.Mvc.Internal.ControllerActionInvoker|Executed action uccApiCore2.Controllers.UsersController.UserRegistration (uccApiCore2) in 4063.4585ms 
2020-09-11 14:43:29.9279|2|INFO|Microsoft.AspNetCore.Hosting.Internal.WebHost|Request finished in 4105.0299ms 200 application/json; charset=utf-8 
2020-09-11 14:43:44.1817|1|INFO|Microsoft.AspNetCore.Hosting.Internal.WebHost|Request starting HTTP/1.1 POST http://localhost:5205/api/Users/UserRegistration application/json 141 
2020-09-11 14:43:44.1979|1|INFO|Microsoft.AspNetCore.Mvc.Internal.ControllerActionInvoker|Executing action method uccApiCore2.Controllers.UsersController.UserRegistration (uccApiCore2) with arguments (uccApiCore2.Entities.Users) - ModelState is Valid 
2020-09-11 14:46:19.3241||DEBUG|uccApiCore2.Program|init main 
2020-09-11 14:46:23.6813||INFO|Microsoft.AspNetCore.DataProtection.KeyManagement.XmlKeyManager|User profile is available. Using 'C:\Users\deepak raheja\AppData\Local\ASP.NET\DataProtection-Keys' as key repository and Windows DPAPI to encrypt keys at rest. 
2020-09-11 14:46:27.6815|1|INFO|Microsoft.AspNetCore.Hosting.Internal.WebHost|Request starting HTTP/1.1 GET http://localhost:5205/api/values   
2020-09-11 14:46:27.6815|1|INFO|Microsoft.AspNetCore.Hosting.Internal.WebHost|Request starting HTTP/1.1 DEBUG http://localhost:5205/  0 
2020-09-11 14:46:28.2762|2|INFO|Microsoft.AspNetCore.Hosting.Internal.WebHost|Request finished in 616.9601ms 200  
2020-09-11 14:46:29.2864|2|INFO|Microsoft.AspNetCore.Hosting.Internal.WebHost|Request finished in 1644.9813ms 404  
2020-09-11 14:46:30.9489|1|INFO|Microsoft.AspNetCore.Hosting.Internal.WebHost|Request starting HTTP/1.1 POST http://localhost:5205/api/Users/UserRegistration application/json 143 
2020-09-11 14:46:32.9917|1|INFO|Microsoft.AspNetCore.Mvc.Internal.ControllerActionInvoker|Executing action method uccApiCore2.Controllers.UsersController.UserRegistration (uccApiCore2) with arguments (uccApiCore2.Entities.Users) - ModelState is Valid 
2020-09-11 14:48:16.8401||DEBUG|uccApiCore2.Program|init main 
2020-09-11 14:48:25.2251||INFO|Microsoft.AspNetCore.DataProtection.KeyManagement.XmlKeyManager|User profile is available. Using 'C:\Users\deepak raheja\AppData\Local\ASP.NET\DataProtection-Keys' as key repository and Windows DPAPI to encrypt keys at rest. 
2020-09-11 14:48:38.7927|1|INFO|Microsoft.AspNetCore.Hosting.Internal.WebHost|Request starting HTTP/1.1 GET http://localhost:5205/api/values   
2020-09-11 14:48:38.7927|1|INFO|Microsoft.AspNetCore.Hosting.Internal.WebHost|Request starting HTTP/1.1 DEBUG http://localhost:5205/  0 
2020-09-11 14:48:40.1403|2|INFO|Microsoft.AspNetCore.Hosting.Internal.WebHost|Request finished in 1381.8984ms 200  
2020-09-11 14:48:42.0864|2|INFO|Microsoft.AspNetCore.Hosting.Internal.WebHost|Request finished in 3349.3948ms 404  
2020-09-11 14:48:44.1608|1|INFO|Microsoft.AspNetCore.Hosting.Internal.WebHost|Request starting HTTP/1.1 POST http://localhost:5205/api/Users/UserRegistration application/json 145 
2020-09-11 14:48:50.4199|1|INFO|Microsoft.AspNetCore.Mvc.Internal.ControllerActionInvoker|Executing action method uccApiCore2.Controllers.UsersController.UserRegistration (uccApiCore2) with arguments (uccApiCore2.Entities.Users) - ModelState is Valid 
2020-09-11 17:48:18.5073||DEBUG|uccApiCore2.Program|init main 
2020-09-11 17:48:20.8204||INFO|Microsoft.AspNetCore.DataProtection.KeyManagement.XmlKeyManager|User profile is available. Using 'C:\Users\deepak raheja\AppData\Local\ASP.NET\DataProtection-Keys' as key repository and Windows DPAPI to encrypt keys at rest. 
2020-09-11 17:48:25.4776|1|INFO|Microsoft.AspNetCore.Hosting.Internal.WebHost|Request starting HTTP/1.1 OPTIONS http://localhost:5205/api/Users/ValidLogin/   
2020-09-11 17:48:26.5358|4|INFO|Microsoft.AspNetCore.Cors.Infrastructure.CorsService|Policy execution successful. 
2020-09-11 17:48:26.8710|2|INFO|Microsoft.AspNetCore.Hosting.Internal.WebHost|Request finished in 1374.7584ms 204  
2020-09-11 17:48:27.3739|1|INFO|Microsoft.AspNetCore.Hosting.Internal.WebHost|Request starting HTTP/1.1 POST http://localhost:5205/api/Users/ValidLogin/ application/json 34 
2020-09-11 17:48:27.3777|4|INFO|Microsoft.AspNetCore.Cors.Infrastructure.CorsService|Policy execution successful. 
2020-09-11 17:48:33.2578|1|INFO|Microsoft.AspNetCore.Mvc.Internal.ControllerActionInvoker|Executing action method uccApiCore2.Controllers.UsersController.ValidLogin (uccApiCore2) with arguments (uccApiCore2.Entities.Users) - ModelState is Valid 
2020-09-11 17:48:38.5323|1|INFO|Microsoft.AspNetCore.Mvc.Internal.ObjectResultExecutor|Executing ObjectResult, writing value Microsoft.AspNetCore.Mvc.ControllerContext. 
2020-09-11 17:48:38.7925|2|INFO|Microsoft.AspNetCore.Mvc.Internal.ControllerActionInvoker|Executed action uccApiCore2.Controllers.UsersController.ValidLogin (uccApiCore2) in 7961.6362ms 
2020-09-11 17:48:38.8629|2|INFO|Microsoft.AspNetCore.Hosting.Internal.WebHost|Request finished in 11489.0651ms 200 application/json; charset=utf-8 
2020-09-11 22:02:10.8606|22|WARN|Microsoft.AspNetCore.Server.Kestrel|Heartbeat took longer than "00:00:01" at "09/11/2020 16:32:02 +00:00". 
2020-09-11 22:44:53.0006||DEBUG|uccApiCore2.Program|init main 
2020-09-11 22:44:54.0401||INFO|Microsoft.AspNetCore.DataProtection.KeyManagement.XmlKeyManager|User profile is available. Using 'C:\Users\deepak raheja\AppData\Local\ASP.NET\DataProtection-Keys' as key repository and Windows DPAPI to encrypt keys at rest. 
2020-09-11 22:45:10.1557||DEBUG|uccApiCore2.Program|init main 
2020-09-11 22:45:13.3859||INFO|Microsoft.AspNetCore.DataProtection.KeyManagement.XmlKeyManager|User profile is available. Using 'C:\Users\deepak raheja\AppData\Local\ASP.NET\DataProtection-Keys' as key repository and Windows DPAPI to encrypt keys at rest. 
2020-09-11 22:45:15.1324|1|INFO|Microsoft.AspNetCore.Hosting.Internal.WebHost|Request starting HTTP/1.1 GET http://localhost:5205/api/values   
2020-09-11 22:45:15.1324|1|INFO|Microsoft.AspNetCore.Hosting.Internal.WebHost|Request starting HTTP/1.1 DEBUG http://localhost:5205/  0 
2020-09-11 22:45:16.0270|2|INFO|Microsoft.AspNetCore.Hosting.Internal.WebHost|Request finished in 949.7676ms 200  
2020-09-11 22:45:16.7641|2|INFO|Microsoft.AspNetCore.Hosting.Internal.WebHost|Request finished in 1695.2524ms 404  
2020-09-11 22:45:21.6433|1|INFO|Microsoft.AspNetCore.Hosting.Internal.WebHost|Request starting HTTP/1.1 POST http://localhost:5205/api/users/UserRegistration application/json 172 
2020-09-11 22:45:24.1634|1|INFO|Microsoft.AspNetCore.Mvc.Internal.ControllerActionInvoker|Executing action method uccApiCore2.Controllers.UsersController.UserRegistration (uccApiCore2) with arguments (uccApiCore2.Entities.Users) - ModelState is Valid 
2020-09-11 22:50:11.3169||DEBUG|uccApiCore2.Program|init main 
2020-09-11 22:50:15.2133||INFO|Microsoft.AspNetCore.DataProtection.KeyManagement.XmlKeyManager|User profile is available. Using 'C:\Users\deepak raheja\AppData\Local\ASP.NET\DataProtection-Keys' as key repository and Windows DPAPI to encrypt keys at rest. 
2020-09-11 22:50:17.3948|1|INFO|Microsoft.AspNetCore.Hosting.Internal.WebHost|Request starting HTTP/1.1 DEBUG http://localhost:5205/  0 
2020-09-11 22:50:17.3948|1|INFO|Microsoft.AspNetCore.Hosting.Internal.WebHost|Request starting HTTP/1.1 POST http://localhost:5205/api/users/UserRegistration application/json 172 
2020-09-11 22:50:17.3948|1|INFO|Microsoft.AspNetCore.Hosting.Internal.WebHost|Request starting HTTP/1.1 GET http://localhost:5205/api/values   
2020-09-11 22:50:18.4117|2|INFO|Microsoft.AspNetCore.Hosting.Internal.WebHost|Request finished in 1045.7924ms 200  
2020-09-11 22:50:19.3572|2|INFO|Microsoft.AspNetCore.Hosting.Internal.WebHost|Request finished in 1999.8956ms 404  
2020-09-11 22:50:21.3633|1|INFO|Microsoft.AspNetCore.Mvc.Internal.ControllerActionInvoker|Executing action method uccApiCore2.Controllers.UsersController.UserRegistration (uccApiCore2) with arguments (uccApiCore2.Entities.Users) - ModelState is Valid 
2020-09-11 22:50:32.8391||ERROR|uccApiCore2.Controllers.UsersController|Something went wrong inside UsersController UserRegistration action: Index was out of range. Must be non-negative and less than the size of the collection.
Parameter name: index 
2020-09-11 22:50:32.9463|1|INFO|Microsoft.AspNetCore.Mvc.Internal.ObjectResultExecutor|Executing ObjectResult, writing value Microsoft.AspNetCore.Mvc.ControllerContext. 
2020-09-11 22:50:33.0488|2|INFO|Microsoft.AspNetCore.Mvc.Internal.ControllerActionInvoker|Executed action uccApiCore2.Controllers.UsersController.UserRegistration (uccApiCore2) in 12925.5884ms 
2020-09-11 22:50:33.0776|2|INFO|Microsoft.AspNetCore.Hosting.Internal.WebHost|Request finished in 15720.2588ms 200 application/json; charset=utf-8 
2020-09-11 22:50:49.9621|1|INFO|Microsoft.AspNetCore.Hosting.Internal.WebHost|Request starting HTTP/1.1 POST http://localhost:5205/api/users/UserRegistration application/json 172 
2020-09-11 22:50:49.9752|1|INFO|Microsoft.AspNetCore.Mvc.Internal.ControllerActionInvoker|Executing action method uccApiCore2.Controllers.UsersController.UserRegistration (uccApiCore2) with arguments (uccApiCore2.Entities.Users) - ModelState is Valid 
2020-09-11 22:51:27.9638||ERROR|uccApiCore2.Controllers.UsersController|Something went wrong inside UsersController UserRegistration action: Index was out of range. Must be non-negative and less than the size of the collection.
Parameter name: index 
2020-09-11 22:51:28.0315|1|INFO|Microsoft.AspNetCore.Mvc.Internal.ObjectResultExecutor|Executing ObjectResult, writing value Microsoft.AspNetCore.Mvc.ControllerContext. 
2020-09-11 22:51:28.0656|2|INFO|Microsoft.AspNetCore.Mvc.Internal.ControllerActionInvoker|Executed action uccApiCore2.Controllers.UsersController.UserRegistration (uccApiCore2) in 38093.7397ms 
2020-09-11 22:51:28.0656|2|INFO|Microsoft.AspNetCore.Hosting.Internal.WebHost|Request finished in 38111.1343ms 200 application/json; charset=utf-8 
2020-09-11 22:51:31.2419|1|INFO|Microsoft.AspNetCore.Hosting.Internal.WebHost|Request starting HTTP/1.1 POST http://localhost:5205/api/users/UserRegistration application/json 172 
2020-09-11 22:51:31.2419|1|INFO|Microsoft.AspNetCore.Mvc.Internal.ControllerActionInvoker|Executing action method uccApiCore2.Controllers.UsersController.UserRegistration (uccApiCore2) with arguments (uccApiCore2.Entities.Users) - ModelState is Valid 
2020-09-11 22:51:39.8513||ERROR|uccApiCore2.Controllers.UsersController|Something went wrong inside UsersController UserRegistration action: Index was out of range. Must be non-negative and less than the size of the collection.
Parameter name: index 
2020-09-11 22:51:39.8727|1|INFO|Microsoft.AspNetCore.Mvc.Internal.ObjectResultExecutor|Executing ObjectResult, writing value Microsoft.AspNetCore.Mvc.ControllerContext. 
2020-09-11 22:51:39.9120|2|INFO|Microsoft.AspNetCore.Mvc.Internal.ControllerActionInvoker|Executed action uccApiCore2.Controllers.UsersController.UserRegistration (uccApiCore2) in 8665.5106ms 
2020-09-11 22:51:39.9933|2|INFO|Microsoft.AspNetCore.Hosting.Internal.WebHost|Request finished in 8751.5052ms 200 application/json; charset=utf-8 
2020-09-11 22:51:42.9210|1|INFO|Microsoft.AspNetCore.Hosting.Internal.WebHost|Request starting HTTP/1.1 POST http://localhost:5205/api/users/UserRegistration application/json 172 
2020-09-11 22:51:42.9573|1|INFO|Microsoft.AspNetCore.Mvc.Internal.ControllerActionInvoker|Executing action method uccApiCore2.Controllers.UsersController.UserRegistration (uccApiCore2) with arguments (uccApiCore2.Entities.Users) - ModelState is Valid 
2020-09-11 22:51:54.7979||ERROR|uccApiCore2.Controllers.UsersController|Something went wrong inside UsersController UserRegistration action: Index was out of range. Must be non-negative and less than the size of the collection.
Parameter name: index 
2020-09-11 22:51:55.0039|1|INFO|Microsoft.AspNetCore.Mvc.Internal.ObjectResultExecutor|Executing ObjectResult, writing value Microsoft.AspNetCore.Mvc.ControllerContext. 
2020-09-11 22:51:55.0215|2|INFO|Microsoft.AspNetCore.Mvc.Internal.ControllerActionInvoker|Executed action uccApiCore2.Controllers.UsersController.UserRegistration (uccApiCore2) in 12066.2804ms 
2020-09-11 22:51:55.0514|2|INFO|Microsoft.AspNetCore.Hosting.Internal.WebHost|Request finished in 12130.3497ms 200 application/json; charset=utf-8 
2020-09-11 22:51:59.1379|1|INFO|Microsoft.AspNetCore.Hosting.Internal.WebHost|Request starting HTTP/1.1 POST http://localhost:5205/api/users/UserRegistration application/json 174 
2020-09-11 22:51:59.1861|1|INFO|Microsoft.AspNetCore.Mvc.Internal.ControllerActionInvoker|Executing action method uccApiCore2.Controllers.UsersController.UserRegistration (uccApiCore2) with arguments (uccApiCore2.Entities.Users) - ModelState is Valid 
2020-09-11 22:52:28.9508|1|INFO|Microsoft.AspNetCore.Mvc.Internal.ObjectResultExecutor|Executing ObjectResult, writing value Microsoft.AspNetCore.Mvc.ControllerContext. 
2020-09-11 22:52:28.9972|2|INFO|Microsoft.AspNetCore.Mvc.Internal.ControllerActionInvoker|Executed action uccApiCore2.Controllers.UsersController.UserRegistration (uccApiCore2) in 29813.1143ms 
2020-09-11 22:52:29.0091|2|INFO|Microsoft.AspNetCore.Hosting.Internal.WebHost|Request finished in 29871.2925ms 200 application/json; charset=utf-8 
2020-09-11 22:53:05.3255|1|INFO|Microsoft.AspNetCore.Hosting.Internal.WebHost|Request starting HTTP/1.1 POST http://localhost:5205/api/users/UserRegistration application/json 177 
2020-09-11 22:53:05.3429|1|INFO|Microsoft.AspNetCore.Mvc.Internal.ControllerActionInvoker|Executing action method uccApiCore2.Controllers.UsersController.UserRegistration (uccApiCore2) with arguments (uccApiCore2.Entities.Users) - ModelState is Valid 
2020-09-11 22:53:18.0028|1|INFO|Microsoft.AspNetCore.Mvc.Internal.ObjectResultExecutor|Executing ObjectResult, writing value Microsoft.AspNetCore.Mvc.ControllerContext. 
2020-09-11 22:53:18.0169|2|INFO|Microsoft.AspNetCore.Mvc.Internal.ControllerActionInvoker|Executed action uccApiCore2.Controllers.UsersController.UserRegistration (uccApiCore2) in 12674.9591ms 
2020-09-11 22:53:18.0169|2|INFO|Microsoft.AspNetCore.Hosting.Internal.WebHost|Request finished in 12703.1596ms 200 application/json; charset=utf-8 
2020-09-11 23:16:06.2513||DEBUG|uccApiCore2.Program|init main 
2020-09-11 23:16:11.9311||INFO|Microsoft.AspNetCore.DataProtection.KeyManagement.XmlKeyManager|User profile is available. Using 'C:\Users\deepak raheja\AppData\Local\ASP.NET\DataProtection-Keys' as key repository and Windows DPAPI to encrypt keys at rest. 
2020-09-11 23:16:13.7896|1|INFO|Microsoft.AspNetCore.Hosting.Internal.WebHost|Request starting HTTP/1.1 GET http://localhost:5205/api/values   
2020-09-11 23:16:13.7896|1|INFO|Microsoft.AspNetCore.Hosting.Internal.WebHost|Request starting HTTP/1.1 POST http://localhost:5205/api/users/UserRegistration application/json 181 
2020-09-11 23:16:13.7896|1|INFO|Microsoft.AspNetCore.Hosting.Internal.WebHost|Request starting HTTP/1.1 DEBUG http://localhost:5205/  0 
2020-09-11 23:16:14.2419|2|INFO|Microsoft.AspNetCore.Hosting.Internal.WebHost|Request finished in 482.715ms 200  
2020-09-11 23:16:14.8594|2|INFO|Microsoft.AspNetCore.Hosting.Internal.WebHost|Request finished in 1109.4ms 404  
2020-09-11 23:16:16.4127|1|INFO|Microsoft.AspNetCore.Mvc.Internal.ControllerActionInvoker|Executing action method uccApiCore2.Controllers.UsersController.UserRegistration (uccApiCore2) with arguments (uccApiCore2.Entities.Users) - ModelState is Valid 
2020-09-11 23:16:32.8853|1|INFO|Microsoft.AspNetCore.Mvc.Internal.ObjectResultExecutor|Executing ObjectResult, writing value Microsoft.AspNetCore.Mvc.ControllerContext. 
2020-09-11 23:16:33.0117|2|INFO|Microsoft.AspNetCore.Mvc.Internal.ControllerActionInvoker|Executed action uccApiCore2.Controllers.UsersController.UserRegistration (uccApiCore2) in 17628.3623ms 
2020-09-11 23:16:33.0771|2|INFO|Microsoft.AspNetCore.Hosting.Internal.WebHost|Request finished in 19327.1461ms 200 application/json; charset=utf-8 
2020-09-11 23:21:18.4240||DEBUG|uccApiCore2.Program|init main 
2020-09-11 23:21:25.5000||INFO|Microsoft.AspNetCore.DataProtection.KeyManagement.XmlKeyManager|User profile is available. Using 'C:\Users\deepak raheja\AppData\Local\ASP.NET\DataProtection-Keys' as key repository and Windows DPAPI to encrypt keys at rest. 
2020-09-11 23:21:27.3110|1|INFO|Microsoft.AspNetCore.Hosting.Internal.WebHost|Request starting HTTP/1.1 DEBUG http://localhost:5205/  0 
2020-09-11 23:21:27.3110|1|INFO|Microsoft.AspNetCore.Hosting.Internal.WebHost|Request starting HTTP/1.1 GET http://localhost:5205/api/values   
2020-09-11 23:21:27.3110|1|INFO|Microsoft.AspNetCore.Hosting.Internal.WebHost|Request starting HTTP/1.1 POST http://localhost:5205/api/users/UserRegistration application/json 183 
2020-09-11 23:21:27.6825|2|INFO|Microsoft.AspNetCore.Hosting.Internal.WebHost|Request finished in 400.9588ms 200  
2020-09-11 23:21:28.3020|2|INFO|Microsoft.AspNetCore.Hosting.Internal.WebHost|Request finished in 1032.0842ms 404  
2020-09-11 23:21:29.7145|1|INFO|Microsoft.AspNetCore.Mvc.Internal.ControllerActionInvoker|Executing action method uccApiCore2.Controllers.UsersController.UserRegistration (uccApiCore2) with arguments (uccApiCore2.Entities.Users) - ModelState is Valid 
2020-09-11 23:22:07.0788|1|INFO|Microsoft.AspNetCore.Mvc.Internal.ObjectResultExecutor|Executing ObjectResult, writing value Microsoft.AspNetCore.Mvc.ControllerContext. 
2020-09-11 23:22:07.2290|2|INFO|Microsoft.AspNetCore.Mvc.Internal.ControllerActionInvoker|Executed action uccApiCore2.Controllers.UsersController.UserRegistration (uccApiCore2) in 38385.4242ms 
2020-09-11 23:22:07.2734|2|INFO|Microsoft.AspNetCore.Hosting.Internal.WebHost|Request finished in 40003.569ms 200 application/json; charset=utf-8 
