2020-09-17 19:34:25.9604||DEBUG|uccApiCore2.Program|init main |url: |action: 
2020-09-17 20:17:37.6553||DEBUG|uccApiCore2.Program|init main |url: |action: 
2020-09-17 20:25:23.4921||ERROR|uccApiCore2.Controllers.ProductController|Something went wrong inside ProductController GetProductBybyRowID action: Index was out of range. Must be non-negative and less than the size of the collection.
Parameter name: index |url: http://localhost/api/Product/GetWithoutSetProductByRowID|action: GetWithoutSetProductByRowID
2020-09-17 21:18:13.1802|22|WARN|Microsoft.AspNetCore.Server.Kestrel|Heartbeat took longer than "00:00:01" at "09/17/2020 15:48:13 +00:00". |url: |action: 
2020-09-17 23:11:35.8556||ERROR|uccApiCore2.Controllers.ProductController|Something went wrong inside ProductController GetProductBybyRowID action: Index was out of range. Must be non-negative and less than the size of the collection.
Parameter name: index |url: http://localhost/api/Product/GetWithoutSetProductByRowID|action: GetWithoutSetProductByRowID
2020-09-17 23:11:48.3112||ERROR|uccApiCore2.Controllers.ProductController|Something went wrong inside ProductController GetProductBybyRowID action: Index was out of range. Must be non-negative and less than the size of the collection.
Parameter name: index |url: http://localhost/api/Product/GetWithoutSetProductByRowID|action: GetWithoutSetProductByRowID
2020-09-17 23:12:31.3768||ERROR|uccApiCore2.Controllers.ProductController|Something went wrong inside ProductController GetProductBySubcatecode action: One or more errors occurred. (Invalid operation. The connection is closed.) |url: http://localhost/api/Product/GetProductBySubcatecode|action: GetProductBySubcatecode
2020-09-17 23:12:44.3792||ERROR|uccApiCore2.Controllers.ProductController|Something went wrong inside ProductController GetProductBybyRowID action: Index was out of range. Must be non-negative and less than the size of the collection.
Parameter name: index |url: http://localhost/api/Product/GetWithoutSetProductByRowID|action: GetWithoutSetProductByRowID
2020-09-17 23:13:09.1309||ERROR|uccApiCore2.Controllers.ProductController|Something went wrong inside ProductController GetProductBybyRowID action: Index was out of range. Must be non-negative and less than the size of the collection.
Parameter name: index |url: http://localhost/api/Product/GetWithoutSetProductByRowID|action: GetWithoutSetProductByRowID
2020-09-17 23:19:37.8752||ERROR|uccApiCore2.Controllers.ProductController|Something went wrong inside ProductController GetProductBybyRowID action: Index was out of range. Must be non-negative and less than the size of the collection.
Parameter name: index |url: http://localhost/api/Product/GetWithoutSetProductByRowID|action: GetWithoutSetProductByRowID
2020-09-17 23:26:18.9606||ERROR|uccApiCore2.Controllers.SubCategoryController|Something went wrong inside SubCategoryController GetSideSubcategory action: A transport-level error has occurred when receiving results from the server. (provider: TCP Provider, error: 0 - The semaphore timeout period has expired.) |url: http://localhost/api/SubCategory/GetSideSubcategory|action: GetSideSubcategory
2020-09-17 23:26:31.3030||ERROR|uccApiCore2.Controllers.ProductController|Something went wrong inside ProductController GetProductBySubcatecode action: One or more errors occurred. (A transport-level error has occurred when receiving results from the server. (provider: TCP Provider, error: 0 - The semaphore timeout period has expired.)) |url: http://localhost/api/Product/GetProductBySubcatecode|action: GetProductBySubcatecode
2020-09-17 23:26:33.1855||ERROR|uccApiCore2.Controllers.ProductController|Something went wrong inside ProductController GetProductBySubcatecode action: One or more errors occurred. (A transport-level error has occurred when receiving results from the server. (provider: TCP Provider, error: 0 - The semaphore timeout period has expired.)) |url: http://localhost/api/Product/GetProductBySubcatecode|action: GetProductBySubcatecode
2020-09-17 23:26:44.7087||ERROR|uccApiCore2.Controllers.ProductController|Something went wrong inside ProductController GetProductBySubcatecode action: One or more errors occurred. (Timeout expired.  The timeout period elapsed prior to obtaining a connection from the pool.  This may have occurred because all pooled connections were in use and max pool size was reached.) |url: http://localhost/api/Product/GetProductBySubcatecode|action: GetProductBySubcatecode
2020-09-17 23:26:44.9491||ERROR|uccApiCore2.Controllers.ProductController|Something went wrong inside ProductController GetProductBySubcatecode action: One or more errors occurred. (Timeout expired.  The timeout period elapsed prior to obtaining a connection from the pool.  This may have occurred because all pooled connections were in use and max pool size was reached.) |url: http://localhost/api/Product/GetProductBySubcatecode|action: GetProductBySubcatecode
2020-09-17 23:26:45.1550||ERROR|uccApiCore2.Controllers.SubCategoryController|Something went wrong inside SubCategoryController GetSideSubcategory action: Timeout expired.  The timeout period elapsed prior to obtaining a connection from the pool.  This may have occurred because all pooled connections were in use and max pool size was reached. |url: http://localhost/api/SubCategory/GetSideSubcategory|action: GetSideSubcategory
2020-09-17 23:26:45.5038||ERROR|uccApiCore2.Controllers.CartController|Something went wrong inside CartController GetCartById action: One or more errors occurred. (Timeout expired.  The timeout period elapsed prior to obtaining a connection from the pool.  This may have occurred because all pooled connections were in use and max pool size was reached.) |url: http://localhost/api/Cart/GetCartById|action: GetCartById
2020-09-17 23:26:52.7167||ERROR|uccApiCore2.Controllers.ProductController|Something went wrong inside ProductController GetProductBySubcatecode action: One or more errors occurred. (A network-related or instance-specific error occurred while establishing a connection to SQL Server. The server was not found or was not accessible. Verify that the instance name is correct and that SQL Server is configured to allow remote connections. (provider: Named Pipes Provider, error: 40 - Could not open a connection to SQL Server)) |url: http://localhost/api/Product/GetProductBySubcatecode|action: GetProductBySubcatecode
2020-09-17 23:26:52.7196||ERROR|uccApiCore2.Controllers.ProductController|Something went wrong inside ProductController GetProductBySubcatecode action: One or more errors occurred. (A network-related or instance-specific error occurred while establishing a connection to SQL Server. The server was not found or was not accessible. Verify that the instance name is correct and that SQL Server is configured to allow remote connections. (provider: Named Pipes Provider, error: 40 - Could not open a connection to SQL Server)) |url: http://localhost/api/Product/GetProductBySubcatecode|action: GetProductBySubcatecode
2020-09-17 23:27:37.1954||ERROR|uccApiCore2.Controllers.ProductController|Something went wrong inside ProductController GetProductBybyRowID action: Index was out of range. Must be non-negative and less than the size of the collection.
Parameter name: index |url: http://localhost/api/Product/GetWithoutSetProductByRowID|action: GetWithoutSetProductByRowID
